<?xml version="1.0" encoding="UTF-8"?>
<!-- Generated by org.testng.reporters.JUnitXMLReporter -->
<testsuite ignored="2" hostname="Shashidhars-MacBook-Air.local" failures="0" tests="0" time="0.001" errors="0" timestamp="2024-12-17T13:18:20 IST">
  <testcase classname="org.appiumtesting.eCommerce_tc_2" name="FillForm_PositiveFlow" time="0.0">
    <ignored/>
  </testcase> <!-- FillForm_PositiveFlow -->
  <testcase classname="org.appiumtesting.eCommerce_tc_2" name="FillForm_ErrorValidation" time="0.0">
    <ignored/>
  </testcase> <!-- FillForm_ErrorValidation -->
</testsuite>
